{"/Users/zane/playground/command-line-documentation/src/cli/cld.mjs": {"path":"/Users/zane/playground/command-line-documentation/src/cli/cld.mjs","statementMap":{"0":{"start":{"line":1,"column":0},"end":{"line":1,"column":null}},"1":{"start":{"line":3,"column":0},"end":{"line":3,"column":null}},"2":{"start":{"line":4,"column":0},"end":{"line":4,"column":null}},"3":{"start":{"line":6,"column":0},"end":{"line":6,"column":null}},"4":{"start":{"line":7,"column":0},"end":{"line":7,"column":67}},"5":{"start":{"line":7,"column":67},"end":{"line":7,"column":null}},"6":{"start":{"line":9,"column":18},"end":{"line":33,"column":1}},"7":{"start":{"line":35,"column":12},"end":{"line":89,"column":1}},"8":{"start":{"line":36,"column":18},"end":{"line":36,"column":64}},"9":{"start":{"line":37,"column":19},"end":{"line":37,"column":43}},"10":{"start":{"line":38,"column":95},"end":{"line":38,"column":102}},"11":{"start":{"line":40,"column":2},"end":{"line":52,"column":null}},"12":{"start":{"line":41,"column":4},"end":{"line":41,"column":null}},"13":{"start":{"line":42,"column":4},"end":{"line":42,"column":null}},"14":{"start":{"line":44,"column":7},"end":{"line":52,"column":null}},"15":{"start":{"line":45,"column":4},"end":{"line":45,"column":null}},"16":{"start":{"line":46,"column":4},"end":{"line":46,"column":null}},"17":{"start":{"line":48,"column":7},"end":{"line":52,"column":null}},"18":{"start":{"line":49,"column":20},"end":{"line":49,"column":86}},"19":{"start":{"line":50,"column":4},"end":{"line":50,"column":null}},"20":{"start":{"line":51,"column":4},"end":{"line":51,"column":null}},"21":{"start":{"line":55,"column":2},"end":{"line":65,"column":null}},"22":{"start":{"line":56,"column":4},"end":{"line":56,"column":null}},"23":{"start":{"line":59,"column":4},"end":{"line":62,"column":null}},"24":{"start":{"line":60,"column":6},"end":{"line":60,"column":null}},"25":{"start":{"line":61,"column":6},"end":{"line":61,"column":null}},"26":{"start":{"line":63,"column":4},"end":{"line":63,"column":null}},"27":{"start":{"line":64,"column":4},"end":{"line":64,"column":null}},"28":{"start":{"line":68,"column":2},"end":{"line":74,"column":null}},"29":{"start":{"line":69,"column":4},"end":{"line":69,"column":null}},"30":{"start":{"line":72,"column":4},"end":{"line":72,"column":null}},"31":{"start":{"line":73,"column":4},"end":{"line":73,"column":null}},"32":{"start":{"line":77,"column":2},"end":{"line":83,"column":null}},"33":{"start":{"line":78,"column":4},"end":{"line":78,"column":null}},"34":{"start":{"line":81,"column":4},"end":{"line":81,"column":null}},"35":{"start":{"line":82,"column":4},"end":{"line":82,"column":null}},"36":{"start":{"line":85,"column":14},"end":{"line":85,"column":47}},"37":{"start":{"line":87,"column":2},"end":{"line":87,"column":null}},"38":{"start":{"line":88,"column":2},"end":{"line":88,"column":null}},"39":{"start":{"line":89,"column":1},"end":{"line":89,"column":null}}},"fnMap":{"0":{"name":"_getRequireWildcardCache","decl":{"start":{"line":7,"column":67},"end":{"line":7,"column":null}},"loc":{"start":{"line":7,"column":67},"end":{"line":7,"column":null}}},"1":{"name":"(anonymous_3)","decl":{"start":{"line":35,"column":12},"end":{"line":35,"column":18}},"loc":{"start":{"line":35,"column":101},"end":{"line":89,"column":1}}}},"branchMap":{"0":{"loc":{"start":{"line":7,"column":67},"end":{"line":7,"column":null}},"type":"if","locations":[{"start":{"line":7,"column":67},"end":{"line":7,"column":null}}]},"1":{"loc":{"start":{"line":7,"column":67},"end":{"line":7,"column":null}},"type":"cond-expr","locations":[{"start":{"line":7,"column":67},"end":{"line":7,"column":null}},{"start":{"line":7,"column":67},"end":{"line":7,"column":null}}]},"2":{"loc":{"start":{"line":7,"column":67},"end":{"line":7,"column":null}},"type":"binary-expr","locations":[{"start":{"line":7,"column":67},"end":{"line":7,"column":null}},{"start":{"line":7,"column":67},"end":{"line":7,"column":null}},{"start":{"line":7,"column":67},"end":{"line":7,"column":null}}]},"3":{"loc":{"start":{"line":35,"column":18},"end":{"line":35,"column":96}},"type":"default-arg","locations":[{"start":{"line":35,"column":94},"end":{"line":35,"column":96}}]},"4":{"loc":{"start":{"line":35,"column":20},"end":{"line":35,"column":39}},"type":"default-arg","locations":[{"start":{"line":35,"column":27},"end":{"line":35,"column":39}}]},"5":{"loc":{"start":{"line":35,"column":41},"end":{"line":35,"column":64}},"type":"default-arg","locations":[{"start":{"line":35,"column":50},"end":{"line":35,"column":64}}]},"6":{"loc":{"start":{"line":35,"column":66},"end":{"line":35,"column":90}},"type":"default-arg","locations":[{"start":{"line":35,"column":75},"end":{"line":35,"column":90}}]},"7":{"loc":{"start":{"line":38,"column":49},"end":{"line":38,"column":65}},"type":"default-arg","locations":[{"start":{"line":38,"column":64},"end":{"line":38,"column":65}}]},"8":{"loc":{"start":{"line":38,"column":67},"end":{"line":38,"column":91}},"type":"default-arg","locations":[{"start":{"line":38,"column":75},"end":{"line":38,"column":91}}]},"9":{"loc":{"start":{"line":40,"column":2},"end":{"line":52,"column":null}},"type":"if","locations":[{"start":{"line":40,"column":2},"end":{"line":52,"column":null}},{"start":{"line":44,"column":7},"end":{"line":52,"column":null}}]},"10":{"loc":{"start":{"line":40,"column":6},"end":{"line":40,"column":51}},"type":"binary-expr","locations":[{"start":{"line":40,"column":6},"end":{"line":40,"column":28}},{"start":{"line":40,"column":32},"end":{"line":40,"column":51}}]},"11":{"loc":{"start":{"line":44,"column":7},"end":{"line":52,"column":null}},"type":"if","locations":[{"start":{"line":44,"column":7},"end":{"line":52,"column":null}},{"start":{"line":48,"column":7},"end":{"line":52,"column":null}}]},"12":{"loc":{"start":{"line":44,"column":11},"end":{"line":44,"column":56}},"type":"binary-expr","locations":[{"start":{"line":44,"column":11},"end":{"line":44,"column":33}},{"start":{"line":44,"column":37},"end":{"line":44,"column":56}}]},"13":{"loc":{"start":{"line":48,"column":7},"end":{"line":52,"column":null}},"type":"if","locations":[{"start":{"line":48,"column":7},"end":{"line":52,"column":null}}]},"14":{"loc":{"start":{"line":59,"column":4},"end":{"line":62,"column":null}},"type":"if","locations":[{"start":{"line":59,"column":4},"end":{"line":62,"column":null}}]}},"s":{"0":1,"1":1,"2":1,"3":1,"4":1,"5":106,"6":1,"7":1,"8":7,"9":7,"10":7,"11":7,"12":1,"13":1,"14":6,"15":1,"16":1,"17":5,"18":1,"19":1,"20":1,"21":4,"22":4,"23":1,"24":1,"25":1,"26":0,"27":0,"28":3,"29":3,"30":1,"31":1,"32":2,"33":2,"34":1,"35":1,"36":1,"37":1,"38":1,"39":1},"f":{"0":3,"1":7},"b":{"0":[31],"1":[65,66],"2":[33,33,32],"3":[0],"4":[0],"5":[0],"6":[0],"7":[7],"8":[7],"9":[1,6],"10":[7,5],"11":[1,5],"12":[6,2],"13":[1],"14":[1]}}
,"/Users/zane/playground/command-line-documentation/src/lib/command-line-documentation.mjs": {"path":"/Users/zane/playground/command-line-documentation/src/lib/command-line-documentation.mjs","statementMap":{"0":{"start":{"line":1,"column":0},"end":{"line":1,"column":null}},"1":{"start":{"line":2,"column":0},"end":{"line":2,"column":null}},"2":{"start":{"line":3,"column":0},"end":{"line":3,"column":null}},"3":{"start":{"line":4,"column":0},"end":{"line":4,"column":null}},"4":{"start":{"line":6,"column":33},"end":{"line":36,"column":1}},"5":{"start":{"line":7,"column":9},"end":{"line":7,"column":18}},"6":{"start":{"line":10,"column":2},"end":{"line":10,"column":null}},"7":{"start":{"line":11,"column":2},"end":{"line":13,"column":null}},"8":{"start":{"line":12,"column":4},"end":{"line":12,"column":null}},"9":{"start":{"line":15,"column":2},"end":{"line":15,"column":null}},"10":{"start":{"line":17,"column":16},"end":{"line":17,"column":18}},"11":{"start":{"line":18,"column":16},"end":{"line":18,"column":28}},"12":{"start":{"line":19,"column":30},"end":{"line":19,"column":37}},"13":{"start":{"line":20,"column":23},"end":{"line":20,"column":30}},"14":{"start":{"line":22,"column":2},"end":{"line":22,"column":51}},"15":{"start":{"line":24,"column":2},"end":{"line":24,"column":null}},"16":{"start":{"line":26,"column":2},"end":{"line":29,"column":null}},"17":{"start":{"line":27,"column":28},"end":{"line":27,"column":79}},"18":{"start":{"line":28,"column":4},"end":{"line":28,"column":null}},"19":{"start":{"line":31,"column":2},"end":{"line":33,"column":null}},"20":{"start":{"line":32,"column":4},"end":{"line":32,"column":null}},"21":{"start":{"line":35,"column":2},"end":{"line":35,"column":null}},"22":{"start":{"line":36,"column":1},"end":{"line":36,"column":null}}},"fnMap":{"0":{"name":"(anonymous_0)","decl":{"start":{"line":6,"column":33},"end":{"line":6,"column":null}},"loc":{"start":{"line":9,"column":5},"end":{"line":36,"column":1}}},"1":{"name":"(anonymous_1)","decl":{"start":{"line":7,"column":9},"end":{"line":7,"column":18}},"loc":{"start":{"line":7,"column":9},"end":{"line":7,"column":18}}}},"branchMap":{"0":{"loc":{"start":{"line":7,"column":2},"end":{"line":7,"column":null}},"type":"default-arg","locations":[{"start":{"line":7,"column":9},"end":{"line":7,"column":null}}]},"1":{"loc":{"start":{"line":8,"column":2},"end":{"line":8,"column":47}},"type":"default-arg","locations":[{"start":{"line":8,"column":45},"end":{"line":8,"column":47}}]},"2":{"loc":{"start":{"line":8,"column":17},"end":{"line":8,"column":33}},"type":"default-arg","locations":[{"start":{"line":8,"column":32},"end":{"line":8,"column":33}}]},"3":{"loc":{"start":{"line":10,"column":16},"end":{"line":10,"column":50}},"type":"binary-expr","locations":[{"start":{"line":10,"column":16},"end":{"line":10,"column":27}},{"start":{"line":10,"column":31},"end":{"line":10,"column":50}}]},"4":{"loc":{"start":{"line":11,"column":2},"end":{"line":13,"column":null}},"type":"if","locations":[{"start":{"line":11,"column":2},"end":{"line":13,"column":null}}]},"5":{"loc":{"start":{"line":15,"column":10},"end":{"line":15,"column":57}},"type":"binary-expr","locations":[{"start":{"line":15,"column":10},"end":{"line":15,"column":15}},{"start":{"line":15,"column":20},"end":{"line":15,"column":57}}]},"6":{"loc":{"start":{"line":26,"column":2},"end":{"line":29,"column":null}},"type":"if","locations":[{"start":{"line":26,"column":2},"end":{"line":29,"column":null}}]},"7":{"loc":{"start":{"line":27,"column":28},"end":{"line":27,"column":79}},"type":"cond-expr","locations":[{"start":{"line":27,"column":53},"end":{"line":27,"column":62}},{"start":{"line":27,"column":65},"end":{"line":27,"column":79}}]},"8":{"loc":{"start":{"line":31,"column":2},"end":{"line":33,"column":null}},"type":"if","locations":[{"start":{"line":31,"column":2},"end":{"line":33,"column":null}}]}},"s":{"0":1,"1":1,"2":1,"3":1,"4":1,"5":0,"6":2,"7":2,"8":0,"9":2,"10":2,"11":2,"12":2,"13":2,"14":2,"15":2,"16":2,"17":2,"18":2,"19":2,"20":1,"21":2,"22":1},"f":{"0":2,"1":0},"b":{"0":[0],"1":[1],"2":[1],"3":[2,2],"4":[0],"5":[2,1],"6":[2],"7":[1,1],"8":[1]}}
,"/Users/zane/playground/command-line-documentation/src/lib/convert-cli-spec-types.mjs": {"path":"/Users/zane/playground/command-line-documentation/src/lib/convert-cli-spec-types.mjs","statementMap":{"0":{"start":{"line":1,"column":29},"end":{"line":8,"column":1}},"1":{"start":{"line":2,"column":21},"end":{"line":2,"column":45}},"2":{"start":{"line":4,"column":2},"end":{"line":4,"column":null}},"3":{"start":{"line":4,"column":48},"end":{"line":4,"column":72}},"4":{"start":{"line":5,"column":2},"end":{"line":5,"column":null}},"5":{"start":{"line":7,"column":2},"end":{"line":7,"column":null}},"6":{"start":{"line":8,"column":1},"end":{"line":8,"column":null}},"7":{"start":{"line":10,"column":32},"end":{"line":16,"column":1}},"8":{"start":{"line":11,"column":2},"end":{"line":15,"column":null}},"9":{"start":{"line":12,"column":4},"end":{"line":14,"column":null}},"10":{"start":{"line":13,"column":6},"end":{"line":13,"column":null}},"11":{"start":{"line":13,"column":32},"end":{"line":13,"column":53}},"12":{"start":{"line":18,"column":21},"end":{"line":36,"column":1}},"13":{"start":{"line":19,"column":19},"end":{"line":19,"column":29}},"14":{"start":{"line":20,"column":2},"end":{"line":22,"column":null}},"15":{"start":{"line":21,"column":4},"end":{"line":21,"column":null}},"16":{"start":{"line":24,"column":2},"end":{"line":35,"column":null}},"17":{"start":{"line":25,"column":4},"end":{"line":25,"column":null}},"18":{"start":{"line":27,"column":7},"end":{"line":35,"column":null}},"19":{"start":{"line":28,"column":4},"end":{"line":28,"column":null}},"20":{"start":{"line":30,"column":7},"end":{"line":35,"column":null}},"21":{"start":{"line":31,"column":4},"end":{"line":31,"column":null}},"22":{"start":{"line":34,"column":4},"end":{"line":34,"column":null}}},"fnMap":{"0":{"name":"(anonymous_0)","decl":{"start":{"line":1,"column":29},"end":{"line":1,"column":36}},"loc":{"start":{"line":1,"column":41},"end":{"line":8,"column":1}}},"1":{"name":"(anonymous_1)","decl":{"start":{"line":4,"column":33},"end":{"line":4,"column":43}},"loc":{"start":{"line":4,"column":48},"end":{"line":4,"column":72}}},"2":{"name":"(anonymous_2)","decl":{"start":{"line":10,"column":32},"end":{"line":10,"column":33}},"loc":{"start":{"line":10,"column":55},"end":{"line":16,"column":1}}},"3":{"name":"(anonymous_3)","decl":{"start":{"line":13,"column":20},"end":{"line":13,"column":27}},"loc":{"start":{"line":13,"column":32},"end":{"line":13,"column":53}}},"4":{"name":"(anonymous_4)","decl":{"start":{"line":18,"column":21},"end":{"line":18,"column":22}},"loc":{"start":{"line":18,"column":42},"end":{"line":36,"column":1}}}},"branchMap":{"0":{"loc":{"start":{"line":4,"column":2},"end":{"line":4,"column":73}},"type":"binary-expr","locations":[{"start":{"line":4,"column":2},"end":{"line":4,"column":24}},{"start":{"line":4,"column":22},"end":{"line":4,"column":24}},{"start":{"line":4,"column":2},"end":{"line":4,"column":73}}]},"1":{"loc":{"start":{"line":10,"column":33},"end":{"line":10,"column":50}},"type":"default-arg","locations":[{"start":{"line":10,"column":48},"end":{"line":10,"column":50}}]},"2":{"loc":{"start":{"line":12,"column":4},"end":{"line":14,"column":null}},"type":"if","locations":[{"start":{"line":12,"column":4},"end":{"line":14,"column":null}}]},"3":{"loc":{"start":{"line":18,"column":22},"end":{"line":18,"column":37}},"type":"default-arg","locations":[{"start":{"line":18,"column":35},"end":{"line":18,"column":37}}]},"4":{"loc":{"start":{"line":20,"column":2},"end":{"line":22,"column":null}},"type":"if","locations":[{"start":{"line":20,"column":2},"end":{"line":22,"column":null}}]},"5":{"loc":{"start":{"line":24,"column":2},"end":{"line":35,"column":null}},"type":"if","locations":[{"start":{"line":24,"column":2},"end":{"line":35,"column":null}},{"start":{"line":27,"column":7},"end":{"line":35,"column":null}}]},"6":{"loc":{"start":{"line":27,"column":7},"end":{"line":35,"column":null}},"type":"if","locations":[{"start":{"line":27,"column":7},"end":{"line":35,"column":null}},{"start":{"line":30,"column":7},"end":{"line":35,"column":null}}]},"7":{"loc":{"start":{"line":30,"column":7},"end":{"line":35,"column":null}},"type":"if","locations":[{"start":{"line":30,"column":7},"end":{"line":35,"column":null}},{"start":{"line":33,"column":7},"end":{"line":35,"column":null}}]}},"s":{"0":2,"1":4,"2":4,"3":4,"4":2,"5":2,"6":2,"7":2,"8":2,"9":10,"10":8,"11":20,"12":2,"13":24,"14":24,"15":10,"16":14,"17":8,"18":6,"19":2,"20":4,"21":2,"22":2},"f":{"0":4,"1":4,"2":2,"3":20,"4":24},"b":{"0":[4,4,4],"1":[0],"2":[8],"3":[0],"4":[10],"5":[8,6],"6":[2,4],"7":[2,2]}}
,"/Users/zane/playground/command-line-documentation/src/lib/lib/chalk-template-to-md.mjs": {"path":"/Users/zane/playground/command-line-documentation/src/lib/lib/chalk-template-to-md.mjs","statementMap":{"0":{"start":{"line":1,"column":23},"end":{"line":1,"column":97}},"1":{"start":{"line":2,"column":33},"end":{"line":2,"column":64}},"2":{"start":{"line":4,"column":27},"end":{"line":29,"column":1}},"3":{"start":{"line":5,"column":31},"end":{"line":5,"column":71}},"4":{"start":{"line":7,"column":2},"end":{"line":26,"column":null}},"5":{"start":{"line":8,"column":24},"end":{"line":8,"column":47}},"6":{"start":{"line":9,"column":18},"end":{"line":9,"column":23}},"7":{"start":{"line":10,"column":15},"end":{"line":10,"column":20}},"8":{"start":{"line":11,"column":4},"end":{"line":15,"column":null}},"9":{"start":{"line":12,"column":6},"end":{"line":13,"column":null}},"10":{"start":{"line":12,"column":36},"end":{"line":12,"column":51}},"11":{"start":{"line":13,"column":11},"end":{"line":13,"column":null}},"12":{"start":{"line":13,"column":36},"end":{"line":13,"column":48}},"13":{"start":{"line":16,"column":21},"end":{"line":23,"column":14}},"14":{"start":{"line":25,"column":4},"end":{"line":25,"column":null}},"15":{"start":{"line":28,"column":2},"end":{"line":28,"column":null}},"16":{"start":{"line":29,"column":1},"end":{"line":29,"column":null}}},"fnMap":{"0":{"name":"(anonymous_0)","decl":{"start":{"line":4,"column":27},"end":{"line":4,"column":32}},"loc":{"start":{"line":4,"column":37},"end":{"line":29,"column":1}}}},"branchMap":{"0":{"loc":{"start":{"line":12,"column":6},"end":{"line":13,"column":null}},"type":"if","locations":[{"start":{"line":12,"column":6},"end":{"line":13,"column":null}},{"start":{"line":13,"column":11},"end":{"line":13,"column":null}}]},"1":{"loc":{"start":{"line":13,"column":11},"end":{"line":13,"column":null}},"type":"if","locations":[{"start":{"line":13,"column":11},"end":{"line":13,"column":null}}]},"2":{"loc":{"start":{"line":16,"column":21},"end":{"line":23,"column":14}},"type":"cond-expr","locations":[{"start":{"line":17,"column":8},"end":{"line":17,"column":13}},{"start":{"line":18,"column":8},"end":{"line":23,"column":14}}]},"3":{"loc":{"start":{"line":16,"column":21},"end":{"line":16,"column":54}},"type":"binary-expr","locations":[{"start":{"line":16,"column":21},"end":{"line":16,"column":37}},{"start":{"line":16,"column":41},"end":{"line":16,"column":54}}]},"4":{"loc":{"start":{"line":18,"column":8},"end":{"line":23,"column":14}},"type":"cond-expr","locations":[{"start":{"line":19,"column":10},"end":{"line":19,"column":13}},{"start":{"line":20,"column":10},"end":{"line":23,"column":14}}]},"5":{"loc":{"start":{"line":20,"column":10},"end":{"line":23,"column":14}},"type":"cond-expr","locations":[{"start":{"line":22,"column":12},"end":{"line":22,"column":16}},{"start":{"line":23,"column":12},"end":{"line":23,"column":14}}]}},"s":{"0":4,"1":4,"2":4,"3":27,"4":27,"5":11,"6":11,"7":11,"8":11,"9":12,"10":8,"11":4,"12":3,"13":11,"14":11,"15":27,"16":4},"f":{"0":27},"b":{"0":[8,4],"1":[3],"2":[1,10],"3":[11,8],"4":[7,3],"5":[2,1]}}
,"/Users/zane/playground/command-line-documentation/src/lib/lib/command-toc.mjs": {"path":"/Users/zane/playground/command-line-documentation/src/lib/lib/command-toc.mjs","statementMap":{"0":{"start":{"line":1,"column":0},"end":{"line":1,"column":null}},"1":{"start":{"line":3,"column":19},"end":{"line":24,"column":1}},"2":{"start":{"line":5,"column":2},"end":{"line":5,"column":null}},"3":{"start":{"line":5,"column":42},"end":{"line":5,"column":70}},"4":{"start":{"line":6,"column":16},"end":{"line":6,"column":86}},"5":{"start":{"line":8,"column":2},"end":{"line":19,"column":null}},"6":{"start":{"line":9,"column":4},"end":{"line":9,"column":null}},"7":{"start":{"line":10,"column":27},"end":{"line":10,"column":34}},"8":{"start":{"line":11,"column":4},"end":{"line":14,"column":null}},"9":{"start":{"line":12,"column":33},"end":{"line":12,"column":57}},"10":{"start":{"line":13,"column":6},"end":{"line":13,"column":null}},"11":{"start":{"line":15,"column":4},"end":{"line":17,"column":null}},"12":{"start":{"line":16,"column":6},"end":{"line":16,"column":null}},"13":{"start":{"line":18,"column":4},"end":{"line":18,"column":null}},"14":{"start":{"line":21,"column":2},"end":{"line":21,"column":null}},"15":{"start":{"line":23,"column":2},"end":{"line":23,"column":null}},"16":{"start":{"line":24,"column":1},"end":{"line":24,"column":null}}},"fnMap":{"0":{"name":"(anonymous_0)","decl":{"start":{"line":3,"column":19},"end":{"line":3,"column":20}},"loc":{"start":{"line":3,"column":61},"end":{"line":24,"column":1}}},"1":{"name":"(anonymous_1)","decl":{"start":{"line":5,"column":32},"end":{"line":5,"column":33}},"loc":{"start":{"line":5,"column":42},"end":{"line":5,"column":70}}}},"branchMap":{"0":{"loc":{"start":{"line":6,"column":16},"end":{"line":6,"column":86}},"type":"cond-expr","locations":[{"start":{"line":6,"column":39},"end":{"line":6,"column":41}},{"start":{"line":6,"column":44},"end":{"line":6,"column":86}}]},"1":{"loc":{"start":{"line":11,"column":4},"end":{"line":14,"column":null}},"type":"if","locations":[{"start":{"line":11,"column":4},"end":{"line":14,"column":null}}]},"2":{"loc":{"start":{"line":13,"column":25},"end":{"line":13,"column":111}},"type":"cond-expr","locations":[{"start":{"line":13,"column":53},"end":{"line":13,"column":64}},{"start":{"line":13,"column":67},"end":{"line":13,"column":111}}]},"3":{"loc":{"start":{"line":15,"column":4},"end":{"line":17,"column":null}},"type":"if","locations":[{"start":{"line":15,"column":4},"end":{"line":17,"column":null}}]}},"s":{"0":3,"1":3,"2":5,"3":7,"4":5,"5":5,"6":12,"7":12,"8":12,"9":3,"10":3,"11":12,"12":12,"13":12,"14":5,"15":5,"16":3},"f":{"0":5,"1":7},"b":{"0":[3,2],"1":[3],"2":[2,1],"3":[12]}}
,"/Users/zane/playground/command-line-documentation/src/lib/lib/display-arg.mjs": {"path":"/Users/zane/playground/command-line-documentation/src/lib/lib/display-arg.mjs","statementMap":{"0":{"start":{"line":1,"column":19},"end":{"line":1,"column":115}},"1":{"start":{"line":1,"column":43},"end":{"line":1,"column":115}},"2":{"start":{"line":1,"column":115},"end":{"line":1,"column":null}}},"fnMap":{"0":{"name":"(anonymous_0)","decl":{"start":{"line":1,"column":19},"end":{"line":1,"column":20}},"loc":{"start":{"line":1,"column":43},"end":{"line":1,"column":115}}}},"branchMap":{"0":{"loc":{"start":{"line":1,"column":44},"end":{"line":1,"column":73}},"type":"cond-expr","locations":[{"start":{"line":1,"column":64},"end":{"line":1,"column":67}},{"start":{"line":1,"column":70},"end":{"line":1,"column":73}}]},"1":{"loc":{"start":{"line":1,"column":85},"end":{"line":1,"column":114}},"type":"cond-expr","locations":[{"start":{"line":1,"column":105},"end":{"line":1,"column":108}},{"start":{"line":1,"column":111},"end":{"line":1,"column":114}}]}},"s":{"0":5,"1":19,"2":5},"f":{"0":19},"b":{"0":[4,15],"1":[4,15]}}
,"/Users/zane/playground/command-line-documentation/src/lib/lib/document-command-args.mjs": {"path":"/Users/zane/playground/command-line-documentation/src/lib/lib/document-command-args.mjs","statementMap":{"0":{"start":{"line":1,"column":0},"end":{"line":1,"column":null}},"1":{"start":{"line":2,"column":0},"end":{"line":2,"column":null}},"2":{"start":{"line":4,"column":28},"end":{"line":19,"column":1}},"3":{"start":{"line":5,"column":16},"end":{"line":5,"column":18}},"4":{"start":{"line":6,"column":2},"end":{"line":8,"column":null}},"5":{"start":{"line":7,"column":4},"end":{"line":7,"column":null}},"6":{"start":{"line":10,"column":37},"end":{"line":10,"column":64}},"7":{"start":{"line":11,"column":2},"end":{"line":13,"column":null}},"8":{"start":{"line":12,"column":4},"end":{"line":12,"column":null}},"9":{"start":{"line":14,"column":2},"end":{"line":16,"column":null}},"10":{"start":{"line":15,"column":4},"end":{"line":15,"column":null}},"11":{"start":{"line":18,"column":2},"end":{"line":18,"column":null}},"12":{"start":{"line":19,"column":1},"end":{"line":19,"column":null}}},"fnMap":{"0":{"name":"(anonymous_0)","decl":{"start":{"line":4,"column":28},"end":{"line":4,"column":29}},"loc":{"start":{"line":4,"column":48},"end":{"line":19,"column":1}}}},"branchMap":{"0":{"loc":{"start":{"line":6,"column":2},"end":{"line":8,"column":null}},"type":"if","locations":[{"start":{"line":6,"column":2},"end":{"line":8,"column":null}}]},"1":{"loc":{"start":{"line":6,"column":6},"end":{"line":6,"column":57}},"type":"binary-expr","locations":[{"start":{"line":6,"column":6},"end":{"line":6,"column":30}},{"start":{"line":6,"column":34},"end":{"line":6,"column":57}}]},"2":{"loc":{"start":{"line":11,"column":2},"end":{"line":13,"column":null}},"type":"if","locations":[{"start":{"line":11,"column":2},"end":{"line":13,"column":null}}]},"3":{"loc":{"start":{"line":14,"column":2},"end":{"line":16,"column":null}},"type":"if","locations":[{"start":{"line":14,"column":2},"end":{"line":16,"column":null}}]}},"s":{"0":4,"1":4,"2":4,"3":19,"4":19,"5":6,"6":13,"7":13,"8":8,"9":13,"10":11,"11":13,"12":4},"f":{"0":19},"b":{"0":[6],"1":[19,14],"2":[8],"3":[11]}}
,"/Users/zane/playground/command-line-documentation/src/lib/lib/document-commands.mjs": {"path":"/Users/zane/playground/command-line-documentation/src/lib/lib/document-commands.mjs","statementMap":{"0":{"start":{"line":1,"column":0},"end":{"line":1,"column":null}},"1":{"start":{"line":2,"column":0},"end":{"line":2,"column":null}},"2":{"start":{"line":3,"column":0},"end":{"line":3,"column":null}},"3":{"start":{"line":4,"column":0},"end":{"line":4,"column":null}},"4":{"start":{"line":5,"column":0},"end":{"line":5,"column":null}},"5":{"start":{"line":7,"column":25},"end":{"line":49,"column":1}},"6":{"start":{"line":10,"column":2},"end":{"line":10,"column":null}},"7":{"start":{"line":10,"column":42},"end":{"line":10,"column":70}},"8":{"start":{"line":11,"column":16},"end":{"line":11,"column":58}},"9":{"start":{"line":13,"column":2},"end":{"line":13,"column":null}},"10":{"start":{"line":15,"column":2},"end":{"line":43,"column":null}},"11":{"start":{"line":16,"column":4},"end":{"line":16,"column":null}},"12":{"start":{"line":17,"column":4},"end":{"line":20,"column":null}},"13":{"start":{"line":22,"column":4},"end":{"line":22,"column":null}},"14":{"start":{"line":24,"column":4},"end":{"line":28,"column":null}},"15":{"start":{"line":30,"column":4},"end":{"line":30,"column":null}},"16":{"start":{"line":32,"column":4},"end":{"line":42,"column":null}},"17":{"start":{"line":33,"column":6},"end":{"line":33,"column":null}},"18":{"start":{"line":34,"column":32},"end":{"line":34,"column":52}},"19":{"start":{"line":35,"column":6},"end":{"line":41,"column":null}},"20":{"start":{"line":44,"column":2},"end":{"line":46,"column":null}},"21":{"start":{"line":45,"column":4},"end":{"line":45,"column":null}},"22":{"start":{"line":48,"column":2},"end":{"line":48,"column":null}},"23":{"start":{"line":49,"column":1},"end":{"line":49,"column":null}}},"fnMap":{"0":{"name":"(anonymous_0)","decl":{"start":{"line":7,"column":25},"end":{"line":7,"column":26}},"loc":{"start":{"line":7,"column":86},"end":{"line":49,"column":1}}},"1":{"name":"(anonymous_1)","decl":{"start":{"line":10,"column":32},"end":{"line":10,"column":33}},"loc":{"start":{"line":10,"column":42},"end":{"line":10,"column":70}}},"2":{"name":"(anonymous_2)","decl":{"start":{"line":15,"column":19},"end":{"line":15,"column":20}},"loc":{"start":{"line":15,"column":103},"end":{"line":43,"column":3}}}},"branchMap":{"0":{"loc":{"start":{"line":7,"column":62},"end":{"line":7,"column":80}},"type":"default-arg","locations":[{"start":{"line":7,"column":74},"end":{"line":7,"column":80}}]},"1":{"loc":{"start":{"line":24,"column":15},"end":{"line":28,"column":12}},"type":"cond-expr","locations":[{"start":{"line":25,"column":8},"end":{"line":25,"column":47}},{"start":{"line":26,"column":8},"end":{"line":28,"column":12}}]},"2":{"loc":{"start":{"line":26,"column":8},"end":{"line":28,"column":12}},"type":"cond-expr","locations":[{"start":{"line":27,"column":10},"end":{"line":27,"column":45}},{"start":{"line":28,"column":10},"end":{"line":28,"column":12}}]},"3":{"loc":{"start":{"line":32,"column":4},"end":{"line":42,"column":null}},"type":"if","locations":[{"start":{"line":32,"column":4},"end":{"line":42,"column":null}}]},"4":{"loc":{"start":{"line":32,"column":8},"end":{"line":32,"column":59}},"type":"binary-expr","locations":[{"start":{"line":32,"column":8},"end":{"line":32,"column":33}},{"start":{"line":32,"column":37},"end":{"line":32,"column":59}}]},"5":{"loc":{"start":{"line":44,"column":2},"end":{"line":46,"column":null}},"type":"if","locations":[{"start":{"line":44,"column":2},"end":{"line":46,"column":null}}]}},"s":{"0":2,"1":2,"2":2,"3":2,"4":2,"5":2,"6":3,"7":6,"8":3,"9":3,"10":3,"11":9,"12":9,"13":9,"14":9,"15":9,"16":9,"17":1,"18":1,"19":1,"20":3,"21":2,"22":3,"23":2},"f":{"0":3,"1":6,"2":9},"b":{"0":[2],"1":[3,6],"2":[6,0],"3":[1],"4":[9,1],"5":[2]}}
,"/Users/zane/playground/command-line-documentation/src/lib/lib/document-options.mjs": {"path":"/Users/zane/playground/command-line-documentation/src/lib/lib/document-options.mjs","statementMap":{"0":{"start":{"line":1,"column":0},"end":{"line":1,"column":null}},"1":{"start":{"line":2,"column":0},"end":{"line":2,"column":null}},"2":{"start":{"line":3,"column":0},"end":{"line":3,"column":null}},"3":{"start":{"line":5,"column":24},"end":{"line":32,"column":1}},"4":{"start":{"line":6,"column":37},"end":{"line":6,"column":64}},"5":{"start":{"line":7,"column":2},"end":{"line":9,"column":null}},"6":{"start":{"line":8,"column":4},"end":{"line":8,"column":null}},"7":{"start":{"line":11,"column":16},"end":{"line":11,"column":58}},"8":{"start":{"line":13,"column":2},"end":{"line":13,"column":null}},"9":{"start":{"line":15,"column":2},"end":{"line":19,"column":null}},"10":{"start":{"line":16,"column":38},"end":{"line":16,"column":51}},"11":{"start":{"line":17,"column":4},"end":{"line":18,"column":null}},"12":{"start":{"line":21,"column":2},"end":{"line":27,"column":null}},"13":{"start":{"line":22,"column":4},"end":{"line":22,"column":null}},"14":{"start":{"line":23,"column":4},"end":{"line":25,"column":null}},"15":{"start":{"line":24,"column":6},"end":{"line":24,"column":null}},"16":{"start":{"line":26,"column":4},"end":{"line":26,"column":null}},"17":{"start":{"line":29,"column":2},"end":{"line":29,"column":null}},"18":{"start":{"line":31,"column":2},"end":{"line":31,"column":null}},"19":{"start":{"line":32,"column":1},"end":{"line":32,"column":null}}},"fnMap":{"0":{"name":"(anonymous_0)","decl":{"start":{"line":5,"column":24},"end":{"line":5,"column":25}},"loc":{"start":{"line":5,"column":59},"end":{"line":32,"column":1}}}},"branchMap":{"0":{"loc":{"start":{"line":7,"column":2},"end":{"line":9,"column":null}},"type":"if","locations":[{"start":{"line":7,"column":2},"end":{"line":9,"column":null}}]},"1":{"loc":{"start":{"line":7,"column":6},"end":{"line":7,"column":71}},"type":"binary-expr","locations":[{"start":{"line":7,"column":7},"end":{"line":7,"column":15}},{"start":{"line":7,"column":19},"end":{"line":7,"column":39}},{"start":{"line":7,"column":44},"end":{"line":7,"column":71}}]},"2":{"loc":{"start":{"line":15,"column":2},"end":{"line":19,"column":null}},"type":"if","locations":[{"start":{"line":15,"column":2},"end":{"line":19,"column":null}}]},"3":{"loc":{"start":{"line":18,"column":32},"end":{"line":18,"column":76}},"type":"cond-expr","locations":[{"start":{"line":18,"column":52},"end":{"line":18,"column":62}},{"start":{"line":18,"column":65},"end":{"line":18,"column":76}}]},"4":{"loc":{"start":{"line":23,"column":4},"end":{"line":25,"column":null}},"type":"if","locations":[{"start":{"line":23,"column":4},"end":{"line":25,"column":null}}]}},"s":{"0":3,"1":3,"2":3,"3":3,"4":15,"5":15,"6":4,"7":11,"8":11,"9":11,"10":8,"11":8,"12":11,"13":12,"14":12,"15":1,"16":12,"17":11,"18":11,"19":3},"f":{"0":15},"b":{"0":[4],"1":[15,15,8],"2":[8],"3":[1,7],"4":[1]}}
,"/Users/zane/playground/command-line-documentation/src/lib/lib/document-usage.mjs": {"path":"/Users/zane/playground/command-line-documentation/src/lib/lib/document-usage.mjs","statementMap":{"0":{"start":{"line":1,"column":0},"end":{"line":1,"column":null}},"1":{"start":{"line":2,"column":0},"end":{"line":2,"column":null}},"2":{"start":{"line":4,"column":22},"end":{"line":12,"column":1}},"3":{"start":{"line":5,"column":14},"end":{"line":5,"column":66}},"4":{"start":{"line":7,"column":2},"end":{"line":7,"column":null}},"5":{"start":{"line":9,"column":2},"end":{"line":9,"column":null}},"6":{"start":{"line":11,"column":2},"end":{"line":11,"column":null}},"7":{"start":{"line":12,"column":1},"end":{"line":12,"column":null}}},"fnMap":{"0":{"name":"(anonymous_0)","decl":{"start":{"line":4,"column":22},"end":{"line":4,"column":23}},"loc":{"start":{"line":4,"column":56},"end":{"line":12,"column":1}}}},"branchMap":{},"s":{"0":2,"1":2,"2":2,"3":5,"4":5,"5":5,"6":5,"7":2},"f":{"0":5},"b":{}}
,"/Users/zane/playground/command-line-documentation/src/lib/lib/helpers.mjs": {"path":"/Users/zane/playground/command-line-documentation/src/lib/lib/helpers.mjs","statementMap":{"0":{"start":{"line":1,"column":21},"end":{"line":1,"column":78}},"1":{"start":{"line":1,"column":27},"end":{"line":1,"column":78}},"2":{"start":{"line":1,"column":78},"end":{"line":1,"column":null}},"3":{"start":{"line":3,"column":20},"end":{"line":18,"column":1}},"4":{"start":{"line":4,"column":2},"end":{"line":17,"column":null}},"5":{"start":{"line":5,"column":4},"end":{"line":5,"column":null}},"6":{"start":{"line":8,"column":4},"end":{"line":10,"column":null}},"7":{"start":{"line":9,"column":6},"end":{"line":9,"column":null}},"8":{"start":{"line":11,"column":4},"end":{"line":16,"column":null}},"9":{"start":{"line":12,"column":6},"end":{"line":12,"column":null}},"10":{"start":{"line":15,"column":6},"end":{"line":15,"column":null}},"11":{"start":{"line":18,"column":1},"end":{"line":18,"column":null}},"12":{"start":{"line":20,"column":25},"end":{"line":33,"column":1}},"13":{"start":{"line":21,"column":29},"end":{"line":23,"column":74}},"14":{"start":{"line":23,"column":51},"end":{"line":23,"column":73}},"15":{"start":{"line":25,"column":24},"end":{"line":25,"column":94}},"16":{"start":{"line":27,"column":18},"end":{"line":27,"column":41}},"17":{"start":{"line":28,"column":2},"end":{"line":30,"column":null}},"18":{"start":{"line":29,"column":4},"end":{"line":29,"column":null}},"19":{"start":{"line":32,"column":2},"end":{"line":32,"column":null}},"20":{"start":{"line":33,"column":1},"end":{"line":33,"column":null}}},"fnMap":{"0":{"name":"(anonymous_0)","decl":{"start":{"line":1,"column":21},"end":{"line":1,"column":22}},"loc":{"start":{"line":1,"column":27},"end":{"line":1,"column":78}}},"1":{"name":"(anonymous_1)","decl":{"start":{"line":3,"column":20},"end":{"line":3,"column":21}},"loc":{"start":{"line":3,"column":43},"end":{"line":18,"column":1}}},"2":{"name":"(anonymous_2)","decl":{"start":{"line":20,"column":25},"end":{"line":20,"column":35}},"loc":{"start":{"line":20,"column":40},"end":{"line":33,"column":1}}},"3":{"name":"(anonymous_3)","decl":{"start":{"line":23,"column":28},"end":{"line":23,"column":29}},"loc":{"start":{"line":23,"column":51},"end":{"line":23,"column":73}}}},"branchMap":{"0":{"loc":{"start":{"line":4,"column":2},"end":{"line":17,"column":null}},"type":"if","locations":[{"start":{"line":4,"column":2},"end":{"line":17,"column":null}},{"start":{"line":7,"column":7},"end":{"line":17,"column":null}}]},"1":{"loc":{"start":{"line":8,"column":4},"end":{"line":10,"column":null}},"type":"if","locations":[{"start":{"line":8,"column":4},"end":{"line":10,"column":null}}]},"2":{"loc":{"start":{"line":11,"column":4},"end":{"line":16,"column":null}},"type":"if","locations":[{"start":{"line":11,"column":4},"end":{"line":16,"column":null}},{"start":{"line":14,"column":9},"end":{"line":16,"column":null}}]},"3":{"loc":{"start":{"line":21,"column":29},"end":{"line":23,"column":74}},"type":"cond-expr","locations":[{"start":{"line":22,"column":6},"end":{"line":22,"column":8}},{"start":{"line":23,"column":6},"end":{"line":23,"column":74}}]},"4":{"loc":{"start":{"line":23,"column":6},"end":{"line":23,"column":74}},"type":"cond-expr","locations":[{"start":{"line":23,"column":16},"end":{"line":23,"column":18}},{"start":{"line":23,"column":6},"end":{"line":23,"column":74}}]},"5":{"loc":{"start":{"line":23,"column":6},"end":{"line":23,"column":18}},"type":"binary-expr","locations":[{"start":{"line":23,"column":6},"end":{"line":23,"column":18}},{"start":{"line":23,"column":6},"end":{"line":23,"column":18}}]},"6":{"loc":{"start":{"line":25,"column":24},"end":{"line":25,"column":94}},"type":"cond-expr","locations":[{"start":{"line":25,"column":52},"end":{"line":25,"column":61}},{"start":{"line":25,"column":64},"end":{"line":25,"column":94}}]},"7":{"loc":{"start":{"line":27,"column":23},"end":{"line":27,"column":39}},"type":"binary-expr","locations":[{"start":{"line":27,"column":23},"end":{"line":27,"column":33}},{"start":{"line":27,"column":37},"end":{"line":27,"column":39}}]},"8":{"loc":{"start":{"line":28,"column":2},"end":{"line":30,"column":null}},"type":"if","locations":[{"start":{"line":28,"column":2},"end":{"line":30,"column":null}}]}},"s":{"0":6,"1":21,"2":6,"3":6,"4":32,"5":32,"6":0,"7":0,"8":0,"9":0,"10":0,"11":6,"12":6,"13":28,"14":25,"15":28,"16":28,"17":28,"18":19,"19":28,"20":6},"f":{"0":21,"1":32,"2":28,"3":25},"b":{"0":[32,0],"1":[0],"2":[0,0],"3":[3,25],"4":[0,25],"5":[25,25],"6":[9,19],"7":[28,3],"8":[19]}}
}
